2025-11-17 15:11:39,635 INFO: MARK3 PRO INMORTAL INICIADO | Balance: $10033.03
2025-11-17 17:51:22,094 INFO: MARK3 DETENIDO POR TI (Ctrl+C)
2025-11-17 17:51:22,095 INFO: MARK3 PRO INMORTAL DETENIDO CORRECTAMENTE
2025-11-18 09:15:09,797 INFO: MARK3 PRO INMORTAL INICIADO | Balance: $10031.82
2025-11-18 09:40:40,536 INFO: MARK3 DETENIDO POR TI (Ctrl+C)
2025-11-18 09:40:40,536 INFO: MARK3 PRO INMORTAL DETENIDO CORRECTAMENTE
2025-11-18 09:40:43,109 INFO: MARK3 PRO INMORTAL INICIADO | Balance: $10030.53
2025-11-18 10:54:30,441 INFO: Telegram comando: /status
2025-11-18 10:56:54,593 INFO: Telegram comando: /status
2025-11-18 11:37:26,199 INFO: Telegram comando: /status
2025-11-18 12:59:22,493 INFO: Telegram comando: /status
2025-11-18 13:00:40,848 INFO: Telegram comando: /status
2025-11-18 13:01:00,015 INFO: Telegram comando: /status
2025-11-18 13:03:30,298 INFO: Telegram comando: /status
2025-11-18 13:30:00,451 INFO: Telegram comando: /status
2025-11-18 13:30:24,157 INFO: Telegram comando: /status
2025-11-18 14:44:16,693 INFO: Telegram comando: /posiciones
2025-11-18 14:44:29,371 INFO: Telegram comando: /posiciones
2025-11-18 14:45:21,548 INFO: Telegram comando: /posiciones
2025-11-18 14:45:27,781 INFO: Telegram comando: /status
2025-11-18 14:48:44,283 INFO: Telegram comando: /posiciones
2025-11-18 14:49:10,128 INFO: Telegram comando: /posiciones
2025-11-18 14:50:09,478 INFO: Telegram comando: /status
2025-11-18 14:51:14,538 INFO: Telegram comando: /posiciones
2025-11-18 14:51:33,665 INFO: Telegram comando: /status
2025-11-18 15:47:14,457 INFO: Telegram comando: /status
2025-11-18 15:47:27,095 INFO: Telegram comando: /status
2025-11-18 16:38:29,198 INFO: MARK3 DETENIDO POR TI (Ctrl+C)
2025-11-18 16:38:29,198 INFO: MARK3 PRO INMORTAL DETENIDO CORRECTAMENTE
2025-11-26 10:25:09,659 INFO: MARK3 PRO INMORTAL INICIADO | Balance: $133.19 | Pares: EURUSD, GBPUSD
2025-11-26 10:25:34,463 INFO: MARK3 DETENIDO POR TI (Ctrl+C)
2025-11-26 10:25:34,463 INFO: MARK3 PRO DETENIDO CORRECTAMENTE
2025-11-26 10:46:36,731 INFO: MARK3 PRO INMORTAL INICIADO | Balance: $133.19 | Pares: EURUSD, GBPUSD
2025-11-26 10:46:50,732 INFO: MARK3 DETENIDO POR TI (Ctrl+C)
2025-11-26 10:46:50,732 INFO: MARK3 PRO DETENIDO CORRECTAMENTE
2025-11-26 10:50:20,869 INFO: MARK3 PRO INMORTAL INICIADO | Balance: $133.19 | Pares: EURUSD, GBPUSD
2025-11-26 10:50:34,634 INFO: MARK3 DETENIDO POR TI (Ctrl+C)
2025-11-26 10:50:34,634 INFO: MARK3 PRO DETENIDO CORRECTAMENTE
